<?xml version="1.0" encoding="UTF-8"?>
<testng-results ignored="0" total="4" passed="4" failed="0" skipped="0">
  <reporter-output>
  </reporter-output>
  <suite started-at="2024-03-10T18:34:01 UTC" name="Surefire suite" finished-at="2024-03-10T18:34:07 UTC" duration-ms="5228">
    <groups>
    </groups>
    <test started-at="2024-03-10T18:34:01 UTC" name="Surefire test" finished-at="2024-03-10T18:34:07 UTC" duration-ms="5228">
      <class name="api.test.UserTests">
        <test-method is-config="true" signature="setup()[pri:0, instance:api.test.UserTests@2a266d09]" started-at="2024-03-10T18:34:01 UTC" name="setup" finished-at="2024-03-10T18:34:02 UTC" duration-ms="879" status="PASS">
          <reporter-output>
          </reporter-output>
        </test-method> <!-- setup -->
        <test-method signature="testCreateUser(java.lang.String,java.lang.String)[pri:1, instance:api.test.UserTests@2a266d09]" started-at="2024-03-10T18:34:02 UTC" name="testCreateUser" data-provider="userDataProvider" finished-at="2024-03-10T18:34:06 UTC" duration-ms="3594" status="PASS">
          <params>
            <param index="0">
              <value>
                <![CDATA[idomyaty]]>
              </value>
            </param>
            <param index="1">
              <value>
                <![CDATA[securePassword123]]>
              </value>
            </param>
          </params>
          <reporter-output>
          </reporter-output>
        </test-method> <!-- testCreateUser -->
        <test-method signature="testCreateUser(java.lang.String,java.lang.String)[pri:1, instance:api.test.UserTests@2a266d09]" started-at="2024-03-10T18:34:06 UTC" name="testCreateUser" data-provider="userDataProvider" finished-at="2024-03-10T18:34:06 UTC" duration-ms="166" status="PASS">
          <params>
            <param index="0">
              <value>
                <![CDATA[idomyaty]]>
              </value>
            </param>
            <param index="1">
              <value>
                <![CDATA[securePassword123]]>
              </value>
            </param>
          </params>
          <reporter-output>
          </reporter-output>
        </test-method> <!-- testCreateUser -->
        <test-method signature="testLogin(java.lang.String,java.lang.String)[pri:1, instance:api.test.UserTests@2a266d09]" started-at="2024-03-10T18:34:06 UTC" name="testLogin" data-provider="userDataProvider" finished-at="2024-03-10T18:34:06 UTC" duration-ms="227" status="PASS">
          <params>
            <param index="0">
              <value>
                <![CDATA[john_doeWrong]]>
              </value>
            </param>
            <param index="1">
              <value>
                <![CDATA[securePassword123]]>
              </value>
            </param>
          </params>
          <reporter-output>
          </reporter-output>
        </test-method> <!-- testLogin -->
        <test-method signature="testLogin(java.lang.String,java.lang.String)[pri:1, instance:api.test.UserTests@2a266d09]" started-at="2024-03-10T18:34:06 UTC" name="testLogin" data-provider="userDataProvider" finished-at="2024-03-10T18:34:07 UTC" duration-ms="200" status="PASS">
          <params>
            <param index="0">
              <value>
                <![CDATA[idomyaty]]>
              </value>
            </param>
            <param index="1">
              <value>
                <![CDATA[securePassword123]]>
              </value>
            </param>
          </params>
          <reporter-output>
          </reporter-output>
        </test-method> <!-- testLogin -->
      </class> <!-- api.test.UserTests -->
    </test> <!-- Surefire test -->
  </suite> <!-- Surefire suite -->
</testng-results>
