<?xml version="1.0" encoding="UTF-8"?>
<!-- Generated by org.testng.reporters.JUnitXMLReporter -->
<testsuite ignored="0" hostname="devvm" failures="1" tests="1" name="Surefire test" time="4.87" errors="0" timestamp="2024-03-11T15:40:19 UTC">
  <testcase classname="subscriptionAutomation.subscriptionPackageTests" name="UserCanRegisterSuccssfully" time="1.937">
    <failure type="java.lang.AssertionError" message="expected [true] but found [false]">
      <![CDATA[java.lang.AssertionError: expected [true] but found [false]
at subscriptionAutomation.subscriptionPackageTests.UserCanRegisterSuccssfully(subscriptionPackageTests.java:39)
at java.base/java.util.ArrayList.forEach(ArrayList.java:1511)
... Removed 36 stack frames]]>
    </failure>
  </testcase> <!-- UserCanRegisterSuccssfully -->
</testsuite> <!-- Surefire test -->
