<?xml version="1.0" encoding="UTF-8"?>
<!-- Generated by org.testng.reporters.JUnitXMLReporter -->
<testsuite ignored="0" hostname="devvm" failures="1" tests="1" name="Surefire test" time="6.96" errors="0" timestamp="2024-03-10T22:05:07 UTC">
  <testcase classname="subscriptionAutomation.subscriptionPackageTests" name="UserCanRegisterSuccssfully" time="6.854">
    <failure type="java.lang.NullPointerException" message="Cannot invoke &amp;quot;org.openqa.selenium.WebElement.click()&amp;quot; because &amp;quot;button&amp;quot; is null">
      <![CDATA[java.lang.NullPointerException: Cannot invoke "org.openqa.selenium.WebElement.click()" because "button" is null
at org.selenium.pages.BasePage.clickButton(BasePage.java:81)
at org.selenium.pages.HomePage.getCountrySubscriptions(HomePage.java:73)
at subscriptionAutomation.subscriptionPackageTests.UserCanRegisterSuccssfully(subscriptionPackageTests.java:17)
at java.base/java.util.ArrayList.forEach(ArrayList.java:1511)
... Removed 32 stack frames]]>
    </failure>
  </testcase> <!-- UserCanRegisterSuccssfully -->
</testsuite> <!-- Surefire test -->
